{"meta": {"format": 2, "version": "7.4.1", "timestamp": "2024-07-02T01:06:26.888589", "branch_coverage": false, "show_contexts": false}, "files": {"pyhrp/__init__.py": {"executed_lines": [0], "summary": {"covered_lines": 0, "num_statements": 0, "percent_covered": 100.0, "percent_covered_display": "100", "missing_lines": 0, "excluded_lines": 0}, "missing_lines": [], "excluded_lines": []}, "pyhrp/cluster.py": {"executed_lines": [1, 3, 5, 7, 8, 11, 23, 31, 33, 37, 41, 46, 47, 49, 51, 59, 60, 61, 67, 68, 69, 70, 72, 75, 76, 77, 79, 83, 84, 85, 86, 87, 92, 94, 96, 97, 99], "summary": {"covered_lines": 35, "num_statements": 38, "percent_covered": 92.10526315789474, "percent_covered_display": "92", "missing_lines": 3, "excluded_lines": 0}, "missing_lines": [34, 80, 90], "excluded_lines": []}, "pyhrp/graph.py": {"executed_lines": [1, 3, 5, 6, 9, 11, 12, 13, 14], "summary": {"covered_lines": 8, "num_statements": 8, "percent_covered": 100.0, "percent_covered_display": "100", "missing_lines": 0, "excluded_lines": 0}, "missing_lines": [], "excluded_lines": []}, "pyhrp/hrp.py": {"executed_lines": [1, 3, 5, 6, 7, 9, 10, 13, 23, 24, 25, 28, 37, 40, 46, 49, 51, 54, 55, 58, 60, 62, 65, 72, 73, 74, 76], "summary": {"covered_lines": 26, "num_statements": 26, "percent_covered": 100.0, "percent_covered_display": "100", "missing_lines": 0, "excluded_lines": 0}, "missing_lines": [], "excluded_lines": []}, "pyhrp/marcos.py": {"executed_lines": [1, 10, 12, 13, 15, 16, 17, 18, 21, 29, 31, 33, 34, 36, 38, 41, 42, 44, 45, 48, 52, 56, 59, 62, 63, 66, 68, 72], "summary": {"covered_lines": 27, "num_statements": 31, "percent_covered": 87.09677419354838, "percent_covered_display": "87", "missing_lines": 4, "excluded_lines": 0}, "missing_lines": [32, 37, 39, 53], "excluded_lines": []}}, "totals": {"covered_lines": 96, "num_statements": 103, "percent_covered": 93.20388349514563, "percent_covered_display": "93", "missing_lines": 7, "excluded_lines": 0}}