SF:src/pyhrp/__init__.py
end_of_record
SF:src/pyhrp/hrp.py
DA:3,1
DA:5,1
DA:7,1
DA:8,1
DA:9,1
DA:10,1
DA:11,1
DA:14,1
DA:22,1
DA:23,1
DA:24,1
DA:26,1
DA:29,1
DA:30,1
DA:31,1
DA:32,1
DA:33,1
DA:34,1
DA:36,1
DA:37,1
DA:42,1
DA:52,1
DA:53,1
DA:54,1
DA:56,1
DA:65,1
DA:75,1
DA:77,1
DA:78,1
DA:81,1
DA:82,1
DA:85,1
DA:87,1
DA:89,1
DA:90,1
DA:91,1
DA:93,1
DA:95,1
DA:98,1
DA:101,1
DA:102,1
DA:104,1
DA:106,1
DA:108,1
DA:111,1
DA:122,1
DA:123,1
DA:125,1
DA:127,1
DA:128,1
DA:131,1
DA:132,1
DA:135,1
DA:138,1
DA:139,1
DA:140,1
DA:143,1
DA:144,1
DA:146,1
DA:148,1
DA:163,1
DA:164,1
DA:167,1
DA:170,1
DA:172,1
DA:174,1
DA:175,1
DA:176,1
DA:179,1
DA:181,1
DA:183,1
DA:184,1
DA:186,1
DA:188,1
DA:190,1
DA:191,1
DA:192,1
DA:194,1
DA:197,1
DA:204,1
DA:205,1
DA:207,1
DA:208,1
DA:211,1
DA:212,1
DA:214,1
DA:217,1
DA:218,1
DA:221,1
DA:222,1
DA:223,1
DA:225,1
DA:226,0
DA:228,1
DA:229,1
DA:231,1
DA:232,1
DA:234,1
DA:236,1
DA:238,1
DA:241,1
DA:242,1
DA:243,1
DA:244,1
DA:247,1
DA:249,1
DA:252,1
DA:254,1
DA:265,1
DA:273,1
DA:276,1
DA:280,1
DA:285,1
DA:287,1
DA:289,1
DA:291,1
DA:292,1
DA:293,1
DA:295,1
LF:119
LH:118
FN:14,26,hrp
FNDA:1,hrp
FN:37,186,Dendrogram.build
FNDA:1,Dendrogram.build
FN:42,54,Dendrogram.build._dist
FNDA:1,Dendrogram.build._dist
FN:56,108,Dendrogram.build._tree
FNDA:1,Dendrogram.build._tree
FN:65,95,Dendrogram.build._tree._bisection
FNDA:1,Dendrogram.build._tree._bisection
FN:75,78,Dendrogram.build._tree._bisection.split
FNDA:1,Dendrogram.build._tree._bisection.split
FN:111,146,Dendrogram.build._node_to_linkage
FNDA:1,Dendrogram.build._node_to_linkage
FN:125,140,Dendrogram.build._node_to_linkage._traverse
FNDA:1,Dendrogram.build._node_to_linkage._traverse
FN:148,172,Dendrogram.build.convert_to_nodes
FNDA:1,Dendrogram.build.convert_to_nodes
FN:188,194,Dendrogram.plot
FNDA:1,Dendrogram.plot
FN:204,208,Cluster.__init__
FNDA:1,Cluster.__init__
FN:212,214,Cluster.variance
FNDA:1,Cluster.variance
FN:218,223,Cluster.variance
FNDA:1,Cluster.variance
FN:225,226,Cluster.__getitem__
FNDA:0,Cluster.__getitem__
FN:228,229,Cluster.__setitem__
FNDA:1,Cluster.__setitem__
FN:232,234,Cluster.weights
FNDA:1,Cluster.weights
FN:236,252,Cluster.risk_parity
FNDA:1,Cluster.risk_parity
FN:254,295,Cluster._parity
FNDA:1,Cluster._parity
FN:265,273,Cluster._parity.parity
FNDA:1,Cluster._parity.parity
FNF:19
FNH:18
end_of_record
