SF:src/pyhrp/__init__.py
end_of_record
SF:src/pyhrp/algos.py
DA:1,1
DA:3,1
DA:4,1
DA:6,1
DA:8,1
DA:11,1
DA:13,1
DA:15,1
DA:16,1
DA:17,1
DA:20,1
DA:22,1
DA:25,1
DA:28,1
DA:37,1
DA:38,1
DA:40,1
DA:44,1
DA:49,1
DA:50,1
DA:52,1
DA:55,1
DA:56,1
DA:57,1
DA:59,1
DA:61,1
DA:62,1
DA:63,1
DA:64,1
DA:66,1
DA:67,1
LF:31
LH:31
FN:11,25,risk_parity
FNDA:1,risk_parity
FN:28,52,_parity
FNDA:1,_parity
FN:55,67,one_over_n
FNDA:1,one_over_n
FNF:3
FNH:3
end_of_record
SF:src/pyhrp/cluster.py
DA:1,1
DA:3,1
DA:4,1
DA:6,1
DA:7,1
DA:8,1
DA:11,1
DA:12,1
DA:13,1
DA:14,1
DA:16,1
DA:17,1
DA:19,1
DA:20,1
DA:21,1
DA:22,1
DA:24,1
DA:25,1
DA:26,1
DA:27,1
DA:30,1
DA:31,1
DA:33,1
DA:35,1
DA:36,1
DA:37,1
DA:39,1
DA:40,1
DA:41,1
DA:42,1
DA:44,1
DA:45,1
DA:47,1
DA:48,1
DA:50,1
DA:51,1
DA:53,1
DA:56,1
DA:57,1
DA:58,1
DA:60,1
DA:63,1
DA:65,1
DA:68,1
DA:69,1
DA:72,1
DA:79,1
DA:80,1
DA:81,1
DA:83,1
DA:84,1
DA:85,1
DA:87,1
DA:88,1
DA:95,1
DA:96,1
DA:98,1
LF:57
LH:57
FN:16,17,Asset.__hash__
FNDA:1,Asset.__hash__
FN:19,22,Asset.__eq__
FNDA:1,Asset.__eq__
FN:24,27,Asset.__lt__
FNDA:1,Asset.__lt__
FN:36,37,Portfolio.assets
FNDA:1,Portfolio.assets
FN:39,42,Portfolio.variance
FNDA:1,Portfolio.variance
FN:44,45,Portfolio.__getitem__
FNDA:1,Portfolio.__getitem__
FN:47,48,Portfolio.__setitem__
FNDA:1,Portfolio.__setitem__
FN:51,53,Portfolio.weights
FNDA:1,Portfolio.weights
FN:56,58,Portfolio.weights_vs_name
FNDA:1,Portfolio.weights_vs_name
FN:60,69,Portfolio.plot
FNDA:1,Portfolio.plot
FN:79,81,Cluster.__init__
FNDA:1,Cluster.__init__
FN:84,85,Cluster.is_leaf
FNDA:1,Cluster.is_leaf
FN:88,98,Cluster.leaves
FNDA:1,Cluster.leaves
FNF:13
FNH:13
end_of_record
SF:src/pyhrp/hrp.py
DA:3,1
DA:5,1
DA:6,1
DA:8,1
DA:9,1
DA:10,1
DA:11,1
DA:13,1
DA:14,1
DA:17,1
DA:31,1
DA:33,1
DA:34,1
DA:36,1
DA:39,1
DA:40,1
DA:43,1
DA:44,1
DA:45,1
DA:46,1
DA:47,1
DA:49,1
DA:50,1
DA:51,1
DA:53,1
DA:55,1
DA:56,1
DA:58,1
DA:59,1
DA:61,1
DA:63,1
DA:64,1
DA:66,1
DA:69,1
DA:71,1
DA:72,1
DA:73,1
DA:76,1
DA:92,1
DA:93,1
DA:96,1
DA:97,1
DA:98,1
DA:99,1
DA:100,1
DA:101,1
DA:103,1
DA:106,1
DA:108,1
DA:112,1
DA:113,1
DA:115,1
DA:116,1
DA:118,1
DA:119,1
DA:121,1
DA:122,1
DA:125,1
DA:126,1
DA:127,1
DA:130,1
DA:132,1
DA:133,1
DA:134,1
DA:135,1
DA:136,1
DA:145,1
DA:146,1
DA:148,1
LF:69
LH:69
FN:17,36,hrp
FNDA:1,hrp
FN:49,51,Dendrogram.__post_init__
FNDA:1,Dendrogram.__post_init__
FN:53,56,Dendrogram.plot
FNDA:1,Dendrogram.plot
FN:59,61,Dendrogram.ids
FNDA:1,Dendrogram.ids
FN:64,66,Dendrogram.names
FNDA:1,Dendrogram.names
FN:69,73,_compute_distance_matrix
FNDA:1,_compute_distance_matrix
FN:76,148,build_tree
FNDA:1,build_tree
FN:96,101,build_tree.to_cluster
FNDA:1,build_tree.to_cluster
FN:108,122,build_tree.bisect_tree
FNDA:1,build_tree.bisect_tree
FN:132,143,build_tree.get_linkage
FNDA:1,build_tree.get_linkage
FNF:10
FNH:10
end_of_record
